2025-11-25 10:29:08,701 - correspondencia_app - ERROR - Error en auditoría: (psycopg2.errors.InvalidTextRepresentation) la sintaxis de entrada no es válida para tipo inet: «localhost»
LINE 1: ...fallido', 'auth', '{"usuario_intento": "admin"}', 'localhost...
                                                             ^

[SQL: INSERT INTO bitacora (usuario_id, accion, modulo, detalles, ip_address, user_agent) VALUES (%(usuario_id)s, %(accion)s, %(modulo)s, %(detalles)s, %(ip_address)s, %(user_agent)s) RETURNING bitacora.id, bitacora.fecha_evento]
[parameters: {'usuario_id': None, 'accion': 'login_fallido', 'modulo': 'auth', 'detalles': '{"usuario_intento": "admin"}', 'ip_address': 'localhost', 'user_agent': 'PyQt App'}]
(Background on this error at: https://sqlalche.me/e/20/9h9h)
2025-11-25 10:29:13,581 - correspondencia_app - ERROR - Error en auditoría: (psycopg2.errors.InvalidTextRepresentation) la sintaxis de entrada no es válida para tipo inet: «localhost»
LINE 1: ...fallido', 'auth', '{"usuario_intento": "admin"}', 'localhost...
                                                             ^

[SQL: INSERT INTO bitacora (usuario_id, accion, modulo, detalles, ip_address, user_agent) VALUES (%(usuario_id)s, %(accion)s, %(modulo)s, %(detalles)s, %(ip_address)s, %(user_agent)s) RETURNING bitacora.id, bitacora.fecha_evento]
[parameters: {'usuario_id': None, 'accion': 'login_fallido', 'modulo': 'auth', 'detalles': '{"usuario_intento": "admin"}', 'ip_address': 'localhost', 'user_agent': 'PyQt App'}]
(Background on this error at: https://sqlalche.me/e/20/9h9h)
2025-11-25 10:29:37,877 - correspondencia_app - ERROR - Error en auditoría: (psycopg2.errors.InvalidTextRepresentation) la sintaxis de entrada no es válida para tipo inet: «localhost»
LINE 1: ..., user_agent) VALUES (5, 'login', 'auth', 'null', 'localhost...
                                                             ^

[SQL: INSERT INTO bitacora (usuario_id, accion, modulo, detalles, ip_address, user_agent) VALUES (%(usuario_id)s, %(accion)s, %(modulo)s, %(detalles)s, %(ip_address)s, %(user_agent)s) RETURNING bitacora.id, bitacora.fecha_evento]
[parameters: {'usuario_id': 5, 'accion': 'login', 'modulo': 'auth', 'detalles': 'null', 'ip_address': 'localhost', 'user_agent': 'PyQt App'}]
(Background on this error at: https://sqlalche.me/e/20/9h9h)
2025-11-25 11:02:59,201 - correspondencia_app - ERROR - Error en auditoría: (psycopg2.errors.InvalidTextRepresentation) la sintaxis de entrada no es válida para tipo inet: «localhost»
LINE 1: ...admin", "motivo": "Contrase\u00f1a incorrecta"}', 'localhost...
                                                             ^

[SQL: INSERT INTO bitacora (usuario_id, accion, modulo, detalles, ip_address, user_agent) VALUES (%(usuario_id)s, %(accion)s, %(modulo)s, %(detalles)s, %(ip_address)s, %(user_agent)s) RETURNING bitacora.id, bitacora.fecha_evento]
[parameters: {'usuario_id': None, 'accion': 'login_fallido', 'modulo': 'auth', 'detalles': '{"usuario_intento": "superadmin", "motivo": "Contrase\\u00f1a incorrecta"}', 'ip_address': 'localhost', 'user_agent': 'PyQt App'}]
(Background on this error at: https://sqlalche.me/e/20/9h9h)
2025-11-25 11:03:04,401 - correspondencia_app - ERROR - Error en auditoría: (psycopg2.errors.InvalidTextRepresentation) la sintaxis de entrada no es válida para tipo inet: «localhost»
LINE 1: ..., user_agent) VALUES (5, 'login', 'auth', 'null', 'localhost...
                                                             ^

[SQL: INSERT INTO bitacora (usuario_id, accion, modulo, detalles, ip_address, user_agent) VALUES (%(usuario_id)s, %(accion)s, %(modulo)s, %(detalles)s, %(ip_address)s, %(user_agent)s) RETURNING bitacora.id, bitacora.fecha_evento]
[parameters: {'usuario_id': 5, 'accion': 'login', 'modulo': 'auth', 'detalles': 'null', 'ip_address': 'localhost', 'user_agent': 'PyQt App'}]
(Background on this error at: https://sqlalche.me/e/20/9h9h)
2025-11-25 11:07:57,319 - correspondencia_app - INFO - AUDITORIA - auth.logout - Usuario: 5
2025-11-25 11:16:08,025 - correspondencia_app - ERROR - Error en auditoría: (psycopg2.errors.InvalidTextRepresentation) la sintaxis de entrada no es válida para tipo inet: «localhost»
LINE 1: ..., user_agent) VALUES (5, 'login', 'auth', 'null', 'localhost...
                                                             ^

[SQL: INSERT INTO bitacora (usuario_id, accion, modulo, detalles, ip_address, user_agent) VALUES (%(usuario_id)s, %(accion)s, %(modulo)s, %(detalles)s, %(ip_address)s, %(user_agent)s) RETURNING bitacora.id, bitacora.fecha_evento]
[parameters: {'usuario_id': 5, 'accion': 'login', 'modulo': 'auth', 'detalles': 'null', 'ip_address': 'localhost', 'user_agent': 'PyQt App'}]
(Background on this error at: https://sqlalche.me/e/20/9h9h)
2025-11-25 11:22:56,064 - correspondencia_app - INFO - AUDITORIA - auth.login - Usuario: 5
2025-11-25 11:37:18,674 - correspondencia_app - INFO - AUDITORIA - auth.logout - Usuario: 5
2025-11-25 11:37:29,270 - correspondencia_app - INFO - AUDITORIA - auth.login - Usuario: 5
2025-11-25 11:45:40,441 - correspondencia_app - INFO - AUDITORIA - auth.login - Usuario: 5
2025-11-25 13:00:40,935 - correspondencia_app - INFO - AUDITORIA - auth.login - Usuario: 6
2025-11-25 13:16:06,927 - correspondencia_app - INFO - AUDITORIA - auth.login - Usuario: 6
2025-11-25 16:01:58,410 - correspondencia_app - INFO - AUDITORIA - auth.login - Usuario: 6
2025-11-25 16:09:00,464 - correspondencia_app - INFO - AUDITORIA - auth.login - Usuario: 6
2025-11-25 16:12:10,649 - correspondencia_app - INFO - AUDITORIA - auth.login - Usuario: 6
2025-11-26 11:11:34,912 - correspondencia_app - INFO - AUDITORIA - auth.login - Usuario: 1
2025-11-26 15:27:10,810 - correspondencia_app - INFO - AUDITORIA - auth.login - Usuario: 1
2025-11-26 16:51:36,314 - correspondencia_app - INFO - AUDITORIA - auth.login - Usuario: 1
2025-11-26 17:03:35,555 - correspondencia_app - INFO - AUDITORIA - auth.login - Usuario: 1
2025-11-26 17:04:14,753 - correspondencia_app - INFO - AUDITORIA - auth.logout - Usuario: 1
2025-11-26 17:09:07,269 - correspondencia_app - INFO - AUDITORIA - auth.login_fallido - Usuario: None
2025-11-26 17:09:10,177 - correspondencia_app - INFO - AUDITORIA - auth.login - Usuario: 1
2025-11-26 17:09:54,494 - correspondencia_app - INFO - AUDITORIA - auth.login - Usuario: 1
2025-11-26 17:13:21,311 - correspondencia_app - INFO - AUDITORIA - auth.login - Usuario: 1
2025-11-26 17:14:59,238 - correspondencia_app - INFO - AUDITORIA - auth.login - Usuario: 1
2025-11-26 17:15:50,485 - correspondencia_app - INFO - AUDITORIA - auth.login - Usuario: 1
2025-11-26 17:18:09,160 - correspondencia_app - INFO - AUDITORIA - auth.login - Usuario: 1
2025-11-27 12:11:10,019 - correspondencia_app - INFO - AUDITORIA - auth.login - Usuario: 1
2025-11-27 13:01:49,939 - correspondencia_app - INFO - AUDITORIA - auth.login - Usuario: 1
2025-11-27 13:28:07,964 - correspondencia_app - INFO - AUDITORIA - auth.login - Usuario: 1
2025-11-27 13:38:14,646 - correspondencia_app - INFO - AUDITORIA - auth.login - Usuario: 1
2025-11-27 14:24:52,663 - correspondencia_app - INFO - AUDITORIA - auth.login - Usuario: 1
2025-12-01 16:35:19,908 - correspondencia_app - INFO - AUDITORIA - auth.login - Usuario: 1
2025-12-01 16:39:30,637 - correspondencia_app - INFO - AUDITORIA - auth.login - Usuario: 1
2025-12-01 16:41:36,523 - correspondencia_app - INFO - AUDITORIA - auth.login - Usuario: 1
2025-12-01 16:43:51,619 - correspondencia_app - INFO - AUDITORIA - auth.login - Usuario: 1
2025-12-01 16:56:08,798 - correspondencia_app - ERROR - Error en auditoría: One or more mappers failed to initialize - can't proceed with initialization of other mappers. Triggering mapper: 'Mapper[Plantilla(plantillas)]'. Original exception was: Mapper 'Mapper[Proyecto(proyectos)]' has no property 'plantillas'.  If this property was indicated from other mappers or configure events, ensure registry.configure() has been called.
2025-12-01 17:02:02,711 - correspondencia_app - INFO - AUDITORIA - auth.login - Usuario: 1
2025-12-02 08:50:33,055 - correspondencia_app - INFO - AUDITORIA - auth.login - Usuario: 1
2025-12-02 08:55:37,767 - correspondencia_app - INFO - AUDITORIA - auth.login - Usuario: 1
2025-12-02 08:59:08,550 - correspondencia_app - INFO - AUDITORIA - auth.login - Usuario: 1
2025-12-02 09:31:58,289 - correspondencia_app - INFO - AUDITORIA - auth.login - Usuario: 1
2025-12-02 09:35:00,961 - correspondencia_app - INFO - AUDITORIA - auth.login - Usuario: 1
2025-12-02 09:48:43,023 - correspondencia_app - INFO - AUDITORIA - auth.login - Usuario: 1
2025-12-02 09:50:04,984 - correspondencia_app - INFO - AUDITORIA - auth.login - Usuario: 1
2025-12-02 10:30:58,089 - correspondencia_app - INFO - AUDITORIA - auth.login - Usuario: 1
